<?xml version="1.0" encoding="UTF-8"?>
<testng-results ignored="0" total="1" passed="1" failed="0" skipped="0">
  <reporter-output>
  </reporter-output>
  <suite started-at="2023-01-24T00:05:10 IST" name="Default suite" finished-at="2023-01-24T00:05:12 IST" duration-ms="2105">
    <groups>
    </groups>
    <test started-at="2023-01-24T00:05:10 IST" name="Default test" finished-at="2023-01-24T00:05:12 IST" duration-ms="2105">
      <class name="apiTests.UserAPI">
        <test-method signature="createUser()[pri:0, instance:apiTests.UserAPI@5b057c8c]" started-at="2023-01-24T00:05:10 IST" name="createUser" finished-at="2023-01-24T00:05:12 IST" duration-ms="2065" status="PASS">
          <reporter-output>
          </reporter-output>
        </test-method> <!-- createUser -->
      </class> <!-- apiTests.UserAPI -->
    </test> <!-- Default test -->
  </suite> <!-- Default suite -->
</testng-results>
